
> flashkart@1.0.0 build
> next build

  Γû▓ Next.js 14.2.5
  - Environments: .env

   Creating an optimized production build ...
 Γ£ô Compiled successfully
   Linting and checking validity of types ...
node.exe :  Γ¿» ESLint 
must be installed in 
order to run during 
builds: npm install 
--save-dev eslint
At line:1 char:1
+ & "C:\Program 
Files\nodejs/node.exe" 
"C:\Program 
Files\nodejs/node_mo 
...
+ ~~~~~~~~~~~~~~~~~~~~~
~~~~~~~~~~~~~~~~~~~~~~~
~~~~~~~~~~~~~~~~~~~~~~~
~~
    + CategoryInfo     
         : NotSpecifi  
  ed: ( Γ¿» ESLint m   
 us...save-dev esli    
nt:String) [], Rem    
oteException
    + FullyQualifiedEr 
   rorId : NativeComm  
  andError
 
   Collecting page data ...
   Generating static pages (0/6) ...
   Generating static pages (1/6) 
   Generating static pages (2/6) 
   Generating static pages (4/6) 
 Γ£ô Generating static pages (6/6)
   Finalizing page optimization ...
   Collecting build traces ...

Route (app)                              Size     First Load JS
Γöî Γùï /                                    2.11 kB        96.9 kB
Γö£ Γùï /_not-found                          871 B          87.9 kB
Γö£ Γùï /checkout                            4.03 kB        98.8 kB
Γö£ ╞Æ /restaurant/[id]                     2.48 kB         101 kB
Γöö Γùï /search                              3.52 kB         102 kB
+ First Load JS shared by all            87.1 kB
  Γö£ chunks/23-c224028217495c3b.js        31.5 kB
  Γö£ chunks/fd9d1056-145ea44fef956c7b.js  53.6 kB
  Γöö other shared chunks (total)          1.89 kB


Γùï  (Static)   prerendered as static content
╞Æ  (Dynamic)  server-rendered on demand

